<?xml version="1.0" encoding="UTF-8"?>
<!-- Generated by org.testng.reporters.JUnitReportReporter -->
<testsuite hostname="DESKTOP-NPVIESQ" failures="0" tests="2" name="testNGXML.TestingGrup1" time="0.010" errors="0" timestamp="2022-12-28T12:11:24 PST" skipped="0">
  <testcase classname="testNGXML.TestingGrup1" name="C" time="0.009"/>
  <system-out>
    <![CDATA[Test case C is Running]]>
  </system-out>
  <testcase classname="testNGXML.TestingGrup1" name="E" time="0.001"/>
  <system-out>
    <![CDATA[Test case E is Running]]>
  </system-out>
</testsuite> <!-- testNGXML.TestingGrup1 -->
