<?xml version="1.0" encoding="UTF-8"?>
<!-- Generated by org.testng.reporters.JUnitReportReporter -->
<testsuite hostname="DESKTOP-NPVIESQ" failures="0" tests="1" name="varificationUsingTestNG.AssertNull" time="0.013" errors="0" timestamp="2023-01-17T06:34:23 IST" skipped="0">
  <testcase classname="varificationUsingTestNG.AssertNull" name="NullUse" time="0.013"/>
  <system-out/>
</testsuite> <!-- varificationUsingTestNG.AssertNull -->
