<?xml version="1.0" encoding="UTF-8"?>
<!-- Generated by org.testng.reporters.JUnitReportReporter -->
<testsuite hostname="DESKTOP-NPVIESQ" failures="0" tests="5" name="testNGkeyWords.InvocationCount" time="0.017" errors="0" timestamp="2023-01-15T00:30:56 IST" skipped="0">
  <testcase classname="testNGkeyWords.InvocationCount" name="LogintoApplication" time="0.012"/>
  <system-out>
    <![CDATA[login to App is done]]>
  </system-out>
  <testcase classname="testNGkeyWords.InvocationCount" name="LogintoApplication" time="0.001"/>
  <system-out>
    <![CDATA[login to App is done]]>
  </system-out>
  <testcase classname="testNGkeyWords.InvocationCount" name="LogintoApplication" time="0.001"/>
  <system-out>
    <![CDATA[login to App is done]]>
  </system-out>
  <testcase classname="testNGkeyWords.InvocationCount" name="LogintoApplication" time="0.002"/>
  <system-out>
    <![CDATA[login to App is done]]>
  </system-out>
  <testcase classname="testNGkeyWords.InvocationCount" name="LogintoApplication" time="0.001"/>
  <system-out>
    <![CDATA[login to App is done]]>
  </system-out>
</testsuite> <!-- testNGkeyWords.InvocationCount -->
