<?xml version="1.0" encoding="UTF-8"?>
<!-- Generated by org.testng.reporters.JUnitReportReporter -->
<testsuite hostname="DESKTOP-NPVIESQ" failures="0" tests="1" name="testNGAnnotations.AnnotationsEg2" time="0.005" errors="0" timestamp="2023-01-15T00:15:24 IST" skipped="0">
  <testcase classname="testNGAnnotations.AnnotationsEg2" name="ValidateUserID" time="0.005"/>
  <system-out>
    <![CDATA[User Id validated]]>
  </system-out>
</testsuite> <!-- testNGAnnotations.AnnotationsEg2 -->
