<?xml version="1.0" encoding="UTF-8"?>
<!-- Generated by org.testng.reporters.JUnitReportReporter -->
<testsuite hostname="DESKTOP-NPVIESQ" failures="0" tests="1" name="varificationUsingTestNG.AssertNotEqual" time="0.012" errors="0" timestamp="2023-01-17T05:58:33 IST" skipped="0">
  <testcase classname="varificationUsingTestNG.AssertNotEqual" name="Assertnotequaluse" time="0.012"/>
  <system-out>
    <![CDATA[TC is passed A and B are not matching]]>
  </system-out>
</testsuite> <!-- varificationUsingTestNG.AssertNotEqual -->
