<?xml version="1.0" encoding="UTF-8"?>
<!-- Generated by org.testng.reporters.JUnitReportReporter -->
<testsuite hostname="DESKTOP-NPVIESQ" failures="0" tests="4" name="testNGkeyWords.Proirity" time="0.017" errors="0" timestamp="2023-01-15T08:40:22 IST" skipped="0">
  <testcase classname="testNGkeyWords.Proirity" name="D" time="0.012"/>
  <system-out>
    <![CDATA[Tc D is executed]]>
  </system-out>
  <testcase classname="testNGkeyWords.Proirity" name="B" time="0.002"/>
  <system-out>
    <![CDATA[Tc B is executed]]>
  </system-out>
  <testcase classname="testNGkeyWords.Proirity" name="C" time="0.001"/>
  <system-out>
    <![CDATA[Tc C is executed]]>
  </system-out>
  <testcase classname="testNGkeyWords.Proirity" name="A" time="0.002"/>
  <system-out>
    <![CDATA[Tc A is executed]]>
  </system-out>
</testsuite> <!-- testNGkeyWords.Proirity -->
