<?xml version="1.0" encoding="UTF-8"?>
<!-- Generated by org.testng.reporters.JUnitReportReporter -->
<testsuite hostname="DESKTOP-NPVIESQ" failures="0" tests="3" name="testNGStudy.Testclass2" time="44.806" errors="0" timestamp="2023-01-15T18:23:04 IST" skipped="0">
  <testcase classname="testNGStudy.Testclass2" name="Facebooktest" time="11.863"/>
  <system-out>
    <![CDATA[Facebook working fine]]>
  </system-out>
  <testcase classname="testNGStudy.Testclass2" name="redbustest" time="24.425"/>
  <system-out>
    <![CDATA[redbus homepage is working well]]>
  </system-out>
  <testcase classname="testNGStudy.Testclass2" name="Googletest" time="8.518"/>
  <system-out>
    <![CDATA[google serach page is working]]>
  </system-out>
</testsuite> <!-- testNGStudy.Testclass2 -->
