<?xml version="1.0" encoding="UTF-8"?>
<!-- Generated by org.testng.reporters.JUnitReportReporter -->
<testsuite hostname="DESKTOP-NPVIESQ" failures="0" tests="3" name="testNGXML.GroupPage2" time="0.013" errors="0" timestamp="2023-01-16T20:10:33 IST" skipped="0">
  <testcase classname="testNGXML.GroupPage2" name="TC10" time="0.010"/>
  <system-out>
    <![CDATA[TC10 running]]>
  </system-out>
  <testcase classname="testNGXML.GroupPage2" name="TC6" time="0.002"/>
  <system-out>
    <![CDATA[TC6 Regression is running]]>
  </system-out>
  <testcase classname="testNGXML.GroupPage2" name="TC8" time="0.001"/>
  <system-out>
    <![CDATA[TC8 Regression is running]]>
  </system-out>
</testsuite> <!-- testNGXML.GroupPage2 -->
