<?xml version="1.0" encoding="UTF-8"?>
<!-- Generated by org.testng.reporters.JUnitReportReporter -->
<testsuite hostname="DESKTOP-NPVIESQ" failures="0" tests="1" name="crossBrowserTesting.CBTest" time="9.873" errors="0" timestamp="2023-01-19T15:08:52 IST" skipped="0">
  <testcase classname="crossBrowserTesting.CBTest" name="launchbrowser" time="9.873"/>
  <system-out/>
</testsuite> <!-- crossBrowserTesting.CBTest -->
