<?xml version="1.0" encoding="UTF-8"?>
<!-- Generated by org.testng.reporters.JUnitReportReporter -->
<testsuite hostname="DESKTOP-NPVIESQ" failures="0" tests="3" name="testNGXML.Testing1" time="0.003" errors="0" timestamp="2022-12-27T23:59:19 PST" skipped="0">
  <testcase classname="testNGXML.Testing1" name="C" time="0.001"/>
  <system-out>
    <![CDATA[Test case C is Running]]>
  </system-out>
  <testcase classname="testNGXML.Testing1" name="E" time="0.001"/>
  <system-out>
    <![CDATA[Test case E is Running]]>
  </system-out>
  <testcase classname="testNGXML.Testing1" name="D" time="0.001"/>
  <system-out>
    <![CDATA[Test case D is Running]]>
  </system-out>
</testsuite> <!-- testNGXML.Testing1 -->
