<?xml version="1.0" encoding="UTF-8"?>
<!-- Generated by org.testng.reporters.JUnitReportReporter -->
<testsuite hostname="DESKTOP-NPVIESQ" failures="0" tests="1" name="ParallelandSerialExecution.TestNG2" time="6.173" errors="0" timestamp="2023-01-16T21:23:00 IST" skipped="0">
  <testcase classname="ParallelandSerialExecution.TestNG2" name="SetSize" time="6.173"/>
  <system-out/>
</testsuite> <!-- ParallelandSerialExecution.TestNG2 -->
