<?xml version="1.0" encoding="UTF-8"?>
<!-- Generated by org.testng.reporters.JUnitReportReporter -->
<testsuite hostname="DESKTOP-NPVIESQ" failures="0" tests="2" name="testNGAnnotations.AnnotationStudy" time="0.013" errors="0" timestamp="2023-01-15T00:01:16 IST" skipped="0">
  <testcase classname="testNGAnnotations.AnnotationStudy" name="RediffMailTest" time="0.005"/>
  <system-out>
    <![CDATA[test pass under RediffWeb test]]>
  </system-out>
  <testcase classname="testNGAnnotations.AnnotationStudy" name="GoogleTest" time="0.008"/>
  <system-out>
    <![CDATA[test pass under google test]]>
  </system-out>
</testsuite> <!-- testNGAnnotations.AnnotationStudy -->
