<?xml version="1.0" encoding="UTF-8"?>
<!-- Generated by org.testng.reporters.JUnitReportReporter -->
<testsuite hostname="DESKTOP-NPVIESQ" failures="0" tests="1" name="varificationUsingTestNG.AssertTrue" time="0.015" errors="0" timestamp="2023-01-17T06:11:34 IST" skipped="0">
  <testcase classname="varificationUsingTestNG.AssertTrue" name="Trueuse" time="0.015"/>
  <system-out>
    <![CDATA[TC is passed A is True]]>
  </system-out>
</testsuite> <!-- varificationUsingTestNG.AssertTrue -->
