<?xml version="1.0" encoding="UTF-8"?>
<!-- Generated by org.testng.reporters.JUnitReportReporter -->
<testsuite hostname="DESKTOP-NPVIESQ" failures="0" tests="1" name="testNGStudy.GeckoTest" time="48.491" errors="0" timestamp="2023-01-18T00:10:32 IST" skipped="0">
  <testcase classname="testNGStudy.GeckoTest" name="fireFoxTest" time="48.491"/>
  <system-out>
    <![CDATA[paytm working fine]]>
  </system-out>
</testsuite> <!-- testNGStudy.GeckoTest -->
