<?xml version="1.0" encoding="UTF-8"?>
<!-- Generated by org.testng.reporters.JUnitReportReporter -->
<testsuite hostname="DESKTOP-NPVIESQ" failures="0" tests="1" name="varificationUsingTestNG.AssertNotNull" time="0.013" errors="0" timestamp="2022-12-30T03:35:32 PST" skipped="0">
  <testcase classname="varificationUsingTestNG.AssertNotNull" name="NotNullUse" time="0.013"/>
  <system-out/>
</testsuite> <!-- varificationUsingTestNG.AssertNotNull -->
