<?xml version="1.0" encoding="UTF-8"?>
<!-- Generated by org.testng.reporters.JUnitReportReporter -->
<testsuite hostname="DESKTOP-NPVIESQ" failures="0" tests="1" name="ParallelandSerialExecution.TestNG1" time="5.726" errors="0" timestamp="2023-01-16T21:23:00 IST" skipped="0">
  <testcase classname="ParallelandSerialExecution.TestNG1" name="SetPosition" time="5.726"/>
  <system-out/>
</testsuite> <!-- ParallelandSerialExecution.TestNG1 -->
