<?xml version="1.0" encoding="UTF-8"?>
<!-- Generated by org.testng.reporters.JUnitReportReporter -->
<testsuite hostname="DESKTOP-NPVIESQ" failures="0" tests="3" name="testNGXML.Grouppage1" time="0.003" errors="0" timestamp="2023-01-16T20:10:33 IST" skipped="0">
  <testcase classname="testNGXML.Grouppage1" name="TC5" time="0.001"/>
  <system-out>
    <![CDATA[TC5 running]]>
  </system-out>
  <testcase classname="testNGXML.Grouppage1" name="TC3" time="0.001"/>
  <system-out>
    <![CDATA[TC3 Regression is running]]>
  </system-out>
  <testcase classname="testNGXML.Grouppage1" name="TC1" time="0.001"/>
  <system-out>
    <![CDATA[TC1 Regression is running]]>
  </system-out>
</testsuite> <!-- testNGXML.Grouppage1 -->
