<?xml version="1.0" encoding="UTF-8"?>
<!-- Generated by org.testng.reporters.JUnitReportReporter -->
<testsuite hostname="DESKTOP-NPVIESQ" failures="0" tests="2" name="testNGXML.Testing2" time="0.011" errors="0" timestamp="2022-12-27T23:59:19 PST" skipped="0">
  <testcase classname="testNGXML.Testing2" name="A" time="0.010"/>
  <system-out>
    <![CDATA[Test case A is Running]]>
  </system-out>
  <testcase classname="testNGXML.Testing2" name="B" time="0.001"/>
  <system-out>
    <![CDATA[Test case B is Running]]>
  </system-out>
</testsuite> <!-- testNGXML.Testing2 -->
