<?xml version="1.0" encoding="UTF-8"?>
<!-- Generated by org.testng.reporters.JUnitReportReporter -->
<testsuite hostname="DESKTOP-NPVIESQ" failures="0" tests="1" name="varificationUsingTestNG.MyTestClass" time="10.623" errors="0" timestamp="2022-12-30T02:42:57 PST" skipped="0">
  <testcase classname="varificationUsingTestNG.MyTestClass" name="VerifyCheckBox" time="10.623"/>
  <system-out/>
</testsuite> <!-- varificationUsingTestNG.MyTestClass -->
