<?xml version="1.0" encoding="UTF-8"?>
<!-- Generated by org.testng.reporters.JUnitReportReporter -->
<testsuite hostname="DESKTOP-NPVIESQ" failures="0" tests="3" name="testNGXML.TestingGrup2" time="0.003" errors="0" timestamp="2022-12-28T12:11:24 PST" skipped="0">
  <testcase classname="testNGXML.TestingGrup2" name="G" time="0.001"/>
  <system-out>
    <![CDATA[Test case B is Running]]>
  </system-out>
  <testcase classname="testNGXML.TestingGrup2" name="I" time="0.001"/>
  <system-out>
    <![CDATA[Test case D is Running]]>
  </system-out>
  <testcase classname="testNGXML.TestingGrup2" name="J" time="0.001"/>
  <system-out>
    <![CDATA[Test case E is Running]]>
  </system-out>
</testsuite> <!-- testNGXML.TestingGrup2 -->
