<?xml version="1.0" encoding="UTF-8"?>
<!-- Generated by org.testng.reporters.JUnitReportReporter -->
<testsuite hostname="DESKTOP-NPVIESQ" failures="0" tests="1" name="testNGStudy.TestNGClass1" time="6.165" errors="0" timestamp="2023-01-13T17:26:01 IST" skipped="0">
  <testcase classname="testNGStudy.TestNGClass1" name="f" time="6.165"/>
  <system-out>
    <![CDATA[paytm working fine]]>
  </system-out>
</testsuite> <!-- testNGStudy.TestNGClass1 -->
