<?xml version="1.0" encoding="UTF-8"?>
<!-- Generated by org.testng.reporters.JUnitReportReporter -->
<testsuite hostname="DESKTOP-NPVIESQ" failures="0" tests="1" name="varificationUsingTestNG.AssertFalseUse" time="0.011" errors="0" timestamp="2023-01-17T06:22:13 IST" skipped="0">
  <testcase classname="varificationUsingTestNG.AssertFalseUse" name="MyTC" time="0.011"/>
  <system-out/>
</testsuite> <!-- varificationUsingTestNG.AssertFalseUse -->
