<?xml version="1.0" encoding="UTF-8"?>
<!-- Generated by org.testng.reporters.JUnitReportReporter -->
<testsuite hostname="DESKTOP-NPVIESQ" failures="0" tests="4" name="testNGkeyWords.Enabled" time="0.012" errors="0" timestamp="2023-01-15T10:21:37 IST" skipped="1">
  <testcase classname="testNGkeyWords.Enabled" name="D" time="0.009"/>
  <system-out>
    <![CDATA[Tc D is executed]]>
  </system-out>
  <testcase classname="testNGkeyWords.Enabled" name="C" time="0.002"/>
  <system-out>
    <![CDATA[Tc C is executed]]>
  </system-out>
  <testcase classname="testNGkeyWords.Enabled" name="A" time="0.001"/>
  <system-out>
    <![CDATA[Tc A is executed]]>
  </system-out>
  <testcase classname="testNGkeyWords.Enabled" name="B">
    <skipped/>
  </testcase> <!-- B -->
  <system-out/>
</testsuite> <!-- testNGkeyWords.Enabled -->
